<?xml version="1.0" encoding="UTF-8"?>
<testsuite xmlns:xsi="http://www.w3.org/2001/XMLSchema-instance" xsi:noNamespaceSchemaLocation="https://maven.apache.org/surefire/maven-surefire-plugin/xsd/surefire-test-report.xsd" name="com.example.LionTest" time="0.022" tests="6" errors="0" skipped="0" failures="0">
  <properties>
[...]
</properties>
  <testcase name="getFoodShouldPropagateException" classname="com.example.LionTest" time="0.007"/>
  <testcase name="getFoodShouldCallFelineGetFoodWithPredator" classname="com.example.LionTest" time="0.008"/>
  <testcase name="doesHaveManeShouldReturnFalseForFemale" classname="com.example.LionTest" time="0.002"/>
  <testcase name="constructorWithOnlySexShouldCreateFelineAndSetMane" classname="com.example.LionTest" time="0.002"/>
  <testcase name="doesHaveManeShouldReturnTrueForMale" classname="com.example.LionTest" time="0.001"/>
  <testcase name="getKittensShouldReturnFelineKittens" classname="com.example.LionTest" time="0.002"/>
</testsuite>